<?xml version="1.0" encoding="UTF-8"?>
<!-- Generated by org.testng.reporters.JUnitXMLReporter -->
<testsuite ignored="0" hostname="Mahesh" failures="0" tests="5" name="ChromeTest" time="34.07" errors="0" timestamp="2023-11-11T19:55:41 IST">
  <testcase classname="testng5ClassCrossbrowsertesting.TestCase3" name="scenario1" time="1.756"/>
  <testcase classname="testng5ClassCrossbrowsertesting.TestCase2" name="scenario1" time="1.99"/>
  <testcase classname="testng5ClassCrossbrowsertesting.TestCase1" name="amazonPayLater" time="1.512"/>
  <testcase classname="testng5ClassCrossbrowsertesting.TestCase5" name="scenario1" time="2.19"/>
  <testcase classname="testng5ClassCrossbrowsertesting.TestCase4" name="scenario1" time="2.019"/>
</testsuite> <!-- ChromeTest -->
