<?xml version="1.0" encoding="UTF-8"?>
<!-- Generated by org.testng.reporters.JUnitXMLReporter -->
<testsuite ignored="0" hostname="Mahesh" failures="0" tests="5" name="ChromeTest1" time="32.263" errors="0" timestamp="2023-11-11T19:50:24 IST">
  <testcase classname="testng5ClassCrossbrowsertesting.TestCase3" name="scenario1" time="1.746"/>
  <testcase classname="testng5ClassCrossbrowsertesting.TestCase2" name="scenario1" time="1.786"/>
  <testcase classname="testng5ClassCrossbrowsertesting.TestCase1" name="amazonPayLater" time="1.838"/>
  <testcase classname="testng5ClassCrossbrowsertesting.TestCase5" name="scenario1" time="1.479"/>
  <testcase classname="testng5ClassCrossbrowsertesting.TestCase4" name="scenario1" time="1.457"/>
</testsuite> <!-- ChromeTest1 -->
