<?xml version="1.0" encoding="UTF-8"?>
<!-- Generated by org.testng.reporters.JUnitXMLReporter -->
<testsuite ignored="0" hostname="Mahesh" failures="0" tests="5" name="EdgeTest" time="47.747" errors="0" timestamp="2023-11-11T19:55:06 IST">
  <testcase classname="testng5ClassCrossbrowsertesting.TestCase3" name="scenario1" time="4.155"/>
  <testcase classname="testng5ClassCrossbrowsertesting.TestCase2" name="scenario1" time="1.934"/>
  <testcase classname="testng5ClassCrossbrowsertesting.TestCase1" name="amazonPayLater" time="2.04"/>
  <testcase classname="testng5ClassCrossbrowsertesting.TestCase5" name="scenario1" time="2.097"/>
  <testcase classname="testng5ClassCrossbrowsertesting.TestCase4" name="scenario1" time="1.903"/>
</testsuite> <!-- EdgeTest -->
