<?xml version="1.0" encoding="UTF-8"?>
<!-- Generated by org.testng.reporters.JUnitXMLReporter -->
<testsuite ignored="0" hostname="Mahesh" failures="2" tests="2" name="FirefoxTest" time="19.432" errors="0" timestamp="2023-11-28T15:50:56 IST">
  <testcase classname="testng5ScreenShotForPassedAndFailedTestCaseFolder.TestCase5" name="scenario1" time="5.21">
    <failure type="java.lang.AssertionError" message="Failing the test intentionally">
      <![CDATA[java.lang.AssertionError: Failing the test intentionally
at testng5ScreenShotForPassedAndFailedTestCaseFolder.TestCase5.scenario1(TestCase5.java:54)
at java.base/java.util.ArrayList.forEach(ArrayList.java:1596)
... Removed 26 stack frames]]>
    </failure>
  </testcase> <!-- scenario1 -->
  <testcase classname="testng5ScreenShotForPassedAndFailedTestCaseFolder.TestCase5" name="scenario1" time="19.327">
    <failure type="java.lang.NullPointerException" message="Cannot invoke &amp;quot;org.openqa.selenium.TakesScreenshot.getScreenshotAs(org.openqa.selenium.OutputType)&amp;quot; because &amp;quot;this.s1&amp;quot; is null">
      <![CDATA[java.lang.NullPointerException: Cannot invoke "org.openqa.selenium.TakesScreenshot.getScreenshotAs(org.openqa.selenium.OutputType)" because "this.s1" is null
at testng5ScreenShotForPassedAndFailedTestCaseFolder.LinstnersProg.onTestFailure(LinstnersProg.java:51)
at java.base/java.util.ArrayList.forEach(ArrayList.java:1596)
... Removed 24 stack frames]]>
    </failure>
  </testcase> <!-- scenario1 -->
</testsuite> <!-- FirefoxTest -->
