<?xml version="1.0" encoding="UTF-8"?>
<!-- Generated by org.testng.reporters.JUnitXMLReporter -->
<testsuite ignored="3" hostname="Mahesh" failures="0" tests="2" name="Test" time="0.04" errors="0" timestamp="2023-12-02T07:45:17 IST">
  <testcase classname="testNggrouping.Class57" name="method3" time="0.008"/>
  <testcase classname="testNggrouping.Class57" name="method4" time="0.002"/>
  <testcase classname="testNggrouping.Class57" name="method5" time="0.0">
    <ignored/>
  </testcase> <!-- method5 -->
  <testcase classname="testNggrouping.Class57" name="method2" time="0.0">
    <ignored/>
  </testcase> <!-- method2 -->
  <testcase classname="testNggrouping.Class57" name="method1" time="0.0">
    <ignored/>
  </testcase> <!-- method1 -->
</testsuite> <!-- Test -->
